#
# There is insufficient memory for the Java Runtime Environment to continue.
# Native memory allocation (malloc) failed to allocate 1937776 bytes for Chunk::new
# Possible reasons:
#   The system is out of physical RAM or swap space
#   In 32 bit mode, the process size limit was hit
# Possible solutions:
#   Reduce memory load on the system
#   Increase physical memory or swap space
#   Check if swap backing store is full
#   Use 64 bit Java on a 64 bit OS
#   Decrease Java heap size (-Xmx/-Xms)
#   Decrease number of Java threads
#   Decrease Java thread stack sizes (-Xss)
#   Set larger code cache with -XX:ReservedCodeCacheSize=
# This output file may be truncated or incomplete.
#
#  Out of Memory Error (allocation.cpp:390), pid=12672, tid=0x0000000000001ba8
#
# JRE version: OpenJDK Runtime Environment (8.0_112-b06) (build 1.8.0_112-release-b06)
# Java VM: OpenJDK 64-Bit Server VM (25.112-b06 mixed mode windows-amd64 compressed oops)
# Failed to write core dump. Minidumps are not enabled by default on client versions of Windows
#

---------------  T H R E A D  ---------------

Current thread (0x000000001623d800):  JavaThread "C2 CompilerThread0" daemon [_thread_in_native, id=7080, stack(0x00000000178b0000,0x00000000179b0000)]

Stack: [0x00000000178b0000,0x00000000179b0000]
[error occurred during error reporting (printing stack bounds), id 0xc0000005]

Native frames: (J=compiled Java code, j=interpreted, Vv=VM code, C=native code)


Current CompileTask:
C2:  35292 6664       4       org.gradle.model.internal.type.ModelType$Simple::<init> (10 bytes)


---------------  P R O C E S S  ---------------

Java Threads: ( => current thread )
  0x000000001add9000 JavaThread "Stdin handler" [_thread_blocked, id=15564, stack(0x000000001a880000,0x000000001a980000)]
  0x000000001add7800 JavaThread "Asynchronous log dispatcher for DefaultDaemonConnection: socket connection from /127.0.0.1:65098 to /127.0.0.1:65107" [_thread_blocked, id=16120, stack(0x000000001a780000,0x000000001a880000)]
  0x000000001add7000 JavaThread "Cancel handler" [_thread_blocked, id=1556, stack(0x000000001a580000,0x000000001a680000)]
  0x000000001add3000 JavaThread "Handler for socket connection from /127.0.0.1:65098 to /127.0.0.1:65107" [_thread_in_native, id=2848, stack(0x000000001a380000,0x000000001a480000)]
  0x000000001b3a5800 JavaThread "File lock request listener" [_thread_in_native, id=1680, stack(0x000000001cb20000,0x000000001cc20000)]
  0x0000000018caa800 JavaThread "Daemon worker" [_thread_in_native, id=15212, stack(0x000000001a680000,0x000000001a780000)]
  0x00000000184e7000 JavaThread "pool-1-thread-1" [_thread_blocked, id=14072, stack(0x000000001a480000,0x000000001a580000)]
  0x0000000018821000 JavaThread "Daemon" [_thread_blocked, id=14824, stack(0x000000001a080000,0x000000001a180000)]
  0x000000001859e800 JavaThread "Incoming local TCP Connector on port 65098" [_thread_in_native, id=15988, stack(0x0000000019e80000,0x0000000019f80000)]
  0x0000000017bb3800 JavaThread "Service Thread" daemon [_thread_blocked, id=16292, stack(0x0000000017fb0000,0x00000000180b0000)]
  0x000000001629a000 JavaThread "C1 CompilerThread2" daemon [_thread_in_native, id=7792, stack(0x0000000017ab0000,0x0000000017bb0000)]
  0x0000000016296800 JavaThread "C2 CompilerThread1" daemon [_thread_in_native, id=16332, stack(0x00000000179b0000,0x0000000017ab0000)]
=>0x000000001623d800 JavaThread "C2 CompilerThread0" daemon [_thread_in_native, id=7080, stack(0x00000000178b0000,0x00000000179b0000)]
  0x000000001623c000 JavaThread "Attach Listener" daemon [_thread_blocked, id=7224, stack(0x00000000177b0000,0x00000000178b0000)]
  0x000000001623a800 JavaThread "Signal Dispatcher" daemon [_thread_blocked, id=16056, stack(0x00000000176b0000,0x00000000177b0000)]
  0x00000000028cb800 JavaThread "Finalizer" daemon [_thread_blocked, id=11712, stack(0x00000000174b0000,0x00000000175b0000)]
  0x00000000028c0800 JavaThread "Reference Handler" daemon [_thread_blocked, id=12104, stack(0x00000000173b0000,0x00000000174b0000)]
  0x00000000027cd800 JavaThread "main" [_thread_blocked, id=16232, stack(0x0000000002670000,0x0000000002770000)]

Other Threads:
  0x0000000016205000 VMThread [stack: 0x00000000172b0000,0x00000000173b0000] [id=15496]
  0x0000000017bb5800 WatcherThread [stack: 0x00000000180b0000,0x00000000181b0000] [id=14892]

VM state:not at safepoint (normal execution)

VM Mutex/Monitor currently owned by a thread: None

Heap:
 PSYoungGen      total 144896K, used 114339K [0x00000000e0000000, 0x00000000ea780000, 0x0000000100000000)
  eden space 131584K, 76% used [0x00000000e0000000,0x00000000e62b0d78,0x00000000e8080000)
  from space 13312K, 99% used [0x00000000e9180000,0x00000000e9e781f8,0x00000000e9e80000)
  to   space 17408K, 0% used [0x00000000e8080000,0x00000000e8080000,0x00000000e9180000)
 ParOldGen       total 90624K, used 23972K [0x00000000a0000000, 0x00000000a5880000, 0x00000000e0000000)
  object space 90624K, 26% used [0x00000000a0000000,0x00000000a1769388,0x00000000a5880000)
 Metaspace       used 53482K, capacity 55814K, committed 55936K, reserved 1097728K
  class space    used 7303K, capacity 7794K, committed 7808K, reserved 1048576K

Card table byte_map: [0x0000000011c90000,0x0000000011fa0000] byte_map_base: 0x0000000011790000

Marking Bits: (ParMarkBitMap*) 0x000000006cc218f0
 Begin Bits: [0x00000000125a0000, 0x0000000013da0000)
 End Bits:   [0x0000000013da0000, 0x00000000155a0000)

Polling page: 0x0000000002770000

CodeCache: size=245760Kb used=21085Kb max_used=21675Kb free=224674Kb
 bounds [0x00000000028d0000, 0x0000000003e40000, 0x00000000118d0000]
 total_blobs=6655 nmethods=5907 adapters=660
 compilation: enabled

Compilation events (10 events):
Event: 35.051 Thread 0x000000001629a000 6673   !   3       org.gradle.internal.service.DefaultServiceRegistry$FactoryMethodService::invokeMethod (146 bytes)
Event: 35.053 Thread 0x000000001629a000 nmethod 6673 0x00000000033d76d0 code [0x00000000033d7b00, 0x00000000033da388]
Event: 35.054 Thread 0x000000001629a000 6674       3       java.lang.Character::isBmpCodePoint (13 bytes)
Event: 35.055 Thread 0x000000001629a000 nmethod 6674 0x0000000002ee3ed0 code [0x0000000002ee4020, 0x0000000002ee41b0]
Event: 35.090 Thread 0x000000001629a000 6675       3       com.sun.org.apache.xerces.internal.parsers.XML11Configuration::addCommonComponent (27 bytes)
Event: 35.091 Thread 0x000000001629a000 nmethod 6675 0x0000000002d04f50 code [0x0000000002d05120, 0x0000000002d05a28]
Event: 35.091 Thread 0x000000001629a000 6676       3       com.sun.org.apache.xerces.internal.impl.validation.ValidationManager::addValidationState (9 bytes)
Event: 35.091 Thread 0x000000001629a000 nmethod 6676 0x00000000031fd150 code [0x00000000031fd2c0, 0x00000000031fd4e8]
Event: 35.246 Thread 0x000000001629a000 6677       3       org.gradle.api.internal.artifacts.ivyservice.ivyresolve.parser.PomReader::getRelocation (100 bytes)
Event: 35.247 Thread 0x000000001629a000 nmethod 6677 0x0000000002d94e50 code [0x0000000002d95160, 0x0000000002d96178]

GC Heap History (10 events):
Event: 21.450 GC heap before
{Heap before GC invocations=10 (full 1):
 PSYoungGen      total 79872K, used 21622K [0x00000000e0000000, 0x00000000e5a80000, 0x0000000100000000)
  eden space 69632K, 17% used [0x00000000e0000000,0x00000000e0b94ea0,0x00000000e4400000)
  from space 10240K, 95% used [0x00000000e5080000,0x00000000e5a08b78,0x00000000e5a80000)
  to   space 11264K, 0% used [0x00000000e4480000,0x00000000e4480000,0x00000000e4f80000)
 ParOldGen       total 69120K, used 9397K [0x00000000a0000000, 0x00000000a4380000, 0x00000000e0000000)
  object space 69120K, 13% used [0x00000000a0000000,0x00000000a092d620,0x00000000a4380000)
 Metaspace       used 34594K, capacity 35366K, committed 35416K, reserved 1079296K
  class space    used 4666K, capacity 4854K, committed 4864K, reserved 1048576K
Event: 21.460 GC heap after
Heap after GC invocations=10 (full 1):
 PSYoungGen      total 81408K, used 8039K [0x00000000e0000000, 0x00000000e7800000, 0x0000000100000000)
  eden space 70144K, 0% used [0x00000000e0000000,0x00000000e0000000,0x00000000e4480000)
  from space 11264K, 71% used [0x00000000e4480000,0x00000000e4c59ec8,0x00000000e4f80000)
  to   space 11264K, 0% used [0x00000000e6d00000,0x00000000e6d00000,0x00000000e7800000)
 ParOldGen       total 69120K, used 9405K [0x00000000a0000000, 0x00000000a4380000, 0x00000000e0000000)
  object space 69120K, 13% used [0x00000000a0000000,0x00000000a092f620,0x00000000a4380000)
 Metaspace       used 34594K, capacity 35366K, committed 35416K, reserved 1079296K
  class space    used 4666K, capacity 4854K, committed 4864K, reserved 1048576K
}
Event: 21.460 GC heap before
{Heap before GC invocations=11 (full 2):
 PSYoungGen      total 81408K, used 8039K [0x00000000e0000000, 0x00000000e7800000, 0x0000000100000000)
  eden space 70144K, 0% used [0x00000000e0000000,0x00000000e0000000,0x00000000e4480000)
  from space 11264K, 71% used [0x00000000e4480000,0x00000000e4c59ec8,0x00000000e4f80000)
  to   space 11264K, 0% used [0x00000000e6d00000,0x00000000e6d00000,0x00000000e7800000)
 ParOldGen       total 69120K, used 9405K [0x00000000a0000000, 0x00000000a4380000, 0x00000000e0000000)
  object space 69120K, 13% used [0x00000000a0000000,0x00000000a092f620,0x00000000a4380000)
 Metaspace       used 34594K, capacity 35366K, committed 35416K, reserved 1079296K
  class space    used 4666K, capacity 4854K, committed 4864K, reserved 1048576K
Event: 21.549 GC heap after
Heap after GC invocations=11 (full 2):
 PSYoungGen      total 81408K, used 0K [0x00000000e0000000, 0x00000000e7800000, 0x0000000100000000)
  eden space 70144K, 0% used [0x00000000e0000000,0x00000000e0000000,0x00000000e4480000)
  from space 11264K, 0% used [0x00000000e4480000,0x00000000e4480000,0x00000000e4f80000)
  to   space 11264K, 0% used [0x00000000e6d00000,0x00000000e6d00000,0x00000000e7800000)
 ParOldGen       total 90624K, used 14498K [0x00000000a0000000, 0x00000000a5880000, 0x00000000e0000000)
  object space 90624K, 15% used [0x00000000a0000000,0x00000000a0e28958,0x00000000a5880000)
 Metaspace       used 34594K, capacity 35366K, committed 35416K, reserved 1079296K
  class space    used 4666K, capacity 4854K, committed 4864K, reserved 1048576K
}
Event: 22.381 GC heap before
{Heap before GC invocations=12 (full 2):
 PSYoungGen      total 81408K, used 70144K [0x00000000e0000000, 0x00000000e7800000, 0x0000000100000000)
  eden space 70144K, 100% used [0x00000000e0000000,0x00000000e4480000,0x00000000e4480000)
  from space 11264K, 0% used [0x00000000e4480000,0x00000000e4480000,0x00000000e4f80000)
  to   space 11264K, 0% used [0x00000000e6d00000,0x00000000e6d00000,0x00000000e7800000)
 ParOldGen       total 90624K, used 14498K [0x00000000a0000000, 0x00000000a5880000, 0x00000000e0000000)
  object space 90624K, 15% used [0x00000000a0000000,0x00000000a0e28958,0x00000000a5880000)
 Metaspace       used 37923K, capacity 38736K, committed 38912K, reserved 1083392K
  class space    used 5082K, capacity 5301K, committed 5376K, reserved 1048576K
Event: 22.394 GC heap after
Heap after GC invocations=12 (full 2):
 PSYoungGen      total 107520K, used 7574K [0x00000000e0000000, 0x00000000e7600000, 0x0000000100000000)
  eden space 98304K, 0% used [0x00000000e0000000,0x00000000e0000000,0x00000000e6000000)
  from space 9216K, 82% used [0x00000000e6d00000,0x00000000e7465b60,0x00000000e7600000)
  to   space 11264K, 0% used [0x00000000e6000000,0x00000000e6000000,0x00000000e6b00000)
 ParOldGen       total 90624K, used 14506K [0x00000000a0000000, 0x00000000a5880000, 0x00000000e0000000)
  object space 90624K, 16% used [0x00000000a0000000,0x00000000a0e2a958,0x00000000a5880000)
 Metaspace       used 37923K, capacity 38736K, committed 38912K, reserved 1083392K
  class space    used 5082K, capacity 5301K, committed 5376K, reserved 1048576K
}
Event: 24.875 GC heap before
{Heap before GC invocations=13 (full 2):
 PSYoungGen      total 107520K, used 105878K [0x00000000e0000000, 0x00000000e7600000, 0x0000000100000000)
  eden space 98304K, 100% used [0x00000000e0000000,0x00000000e6000000,0x00000000e6000000)
  from space 9216K, 82% used [0x00000000e6d00000,0x00000000e7465b60,0x00000000e7600000)
  to   space 11264K, 0% used [0x00000000e6000000,0x00000000e6000000,0x00000000e6b00000)
 ParOldGen       total 90624K, used 14506K [0x00000000a0000000, 0x00000000a5880000, 0x00000000e0000000)
  object space 90624K, 16% used [0x00000000a0000000,0x00000000a0e2a958,0x00000000a5880000)
 Metaspace       used 45156K, capacity 46370K, committed 46592K, reserved 1089536K
  class space    used 6078K, capacity 6387K, committed 6400K, reserved 1048576K
Event: 24.895 GC heap after
Heap after GC invocations=13 (full 2):
 PSYoungGen      total 109568K, used 11233K [0x00000000e0000000, 0x00000000e9e80000, 0x0000000100000000)
  eden space 98304K, 0% used [0x00000000e0000000,0x00000000e0000000,0x00000000e6000000)
  from space 11264K, 99% used [0x00000000e6000000,0x00000000e6af8610,0x00000000e6b00000)
  to   space 13312K, 0% used [0x00000000e9180000,0x00000000e9180000,0x00000000e9e80000)
 ParOldGen       total 90624K, used 16954K [0x00000000a0000000, 0x00000000a5880000, 0x00000000e0000000)
  object space 90624K, 18% used [0x00000000a0000000,0x00000000a108ea88,0x00000000a5880000)
 Metaspace       used 45156K, capacity 46370K, committed 46592K, reserved 1089536K
  class space    used 6078K, capacity 6387K, committed 6400K, reserved 1048576K
}
Event: 27.052 GC heap before
{Heap before GC invocations=14 (full 2):
 PSYoungGen      total 109568K, used 109537K [0x00000000e0000000, 0x00000000e9e80000, 0x0000000100000000)
  eden space 98304K, 100% used [0x00000000e0000000,0x00000000e6000000,0x00000000e6000000)
  from space 11264K, 99% used [0x00000000e6000000,0x00000000e6af8610,0x00000000e6b00000)
  to   space 13312K, 0% used [0x00000000e9180000,0x00000000e9180000,0x00000000e9e80000)
 ParOldGen       total 90624K, used 16954K [0x00000000a0000000, 0x00000000a5880000, 0x00000000e0000000)
  object space 90624K, 18% used [0x00000000a0000000,0x00000000a108ea88,0x00000000a5880000)
 Metaspace       used 49560K, capacity 51164K, committed 51328K, reserved 1093632K
  class space    used 6787K, capacity 7204K, committed 7296K, reserved 1048576K
Event: 27.102 GC heap after
Heap after GC invocations=14 (full 2):
 PSYoungGen      total 144896K, used 13280K [0x00000000e0000000, 0x00000000ea780000, 0x0000000100000000)
  eden space 131584K, 0% used [0x00000000e0000000,0x00000000e0000000,0x00000000e8080000)
  from space 13312K, 99% used [0x00000000e9180000,0x00000000e9e781f8,0x00000000e9e80000)
  to   space 17408K, 0% used [0x00000000e8080000,0x00000000e8080000,0x00000000e9180000)
 ParOldGen       total 90624K, used 23972K [0x00000000a0000000, 0x00000000a5880000, 0x00000000e0000000)
  object space 90624K, 26% used [0x00000000a0000000,0x00000000a1769388,0x00000000a5880000)
 Metaspace       used 49560K, capacity 51164K, committed 51328K, reserved 1093632K
  class space    used 6787K, capacity 7204K, committed 7296K, reserved 1048576K
}

Deoptimization events (10 events):
Event: 27.501 Thread 0x0000000018caa800 Uncommon trap: reason=unstable_if action=reinterpret pc=0x0000000003966078 method=java.lang.reflect.Executable.sharedToGenericString(IZ)Ljava/lang/String; @ 65
Event: 27.522 Thread 0x0000000018caa800 Uncommon trap: reason=unstable_if action=reinterpret pc=0x0000000003c3dae8 method=groovy.lang.MetaClassImpl.filterPropertyMethod(Ljava/lang/Object;ZZ)Ljava/lang/Object; @ 153
Event: 27.528 Thread 0x0000000018caa800 Uncommon trap: reason=predicate action=maybe_recompile pc=0x0000000003c85938 method=java.util.AbstractCollection.toArray([Ljava/lang/Object;)[Ljava/lang/Object; @ 49
Event: 27.670 Thread 0x0000000018caa800 Uncommon trap: reason=unstable_if action=reinterpret pc=0x0000000003b6ee2c method=com.esotericsoftware.kryo.io.Input.readUtf8(I)V @ 79
Event: 27.745 Thread 0x0000000018caa800 Uncommon trap: reason=array_check action=maybe_recompile pc=0x0000000003cb9270 method=java.util.AbstractCollection.toArray([Ljava/lang/Object;)[Ljava/lang/Object; @ 119
Event: 27.746 Thread 0x0000000018caa800 Uncommon trap: reason=array_check action=maybe_recompile pc=0x0000000003cb9270 method=java.util.AbstractCollection.toArray([Ljava/lang/Object;)[Ljava/lang/Object; @ 119
Event: 27.988 Thread 0x0000000018caa800 Uncommon trap: reason=array_check action=maybe_recompile pc=0x0000000003cb9270 method=java.util.AbstractCollection.toArray([Ljava/lang/Object;)[Ljava/lang/Object; @ 119
Event: 27.988 Thread 0x0000000018caa800 Uncommon trap: reason=array_check action=maybe_recompile pc=0x0000000003cb9270 method=java.util.AbstractCollection.toArray([Ljava/lang/Object;)[Ljava/lang/Object; @ 119
Event: 28.222 Thread 0x0000000018caa800 Uncommon trap: reason=unstable_if action=reinterpret pc=0x000000000317e3ec method=java.lang.reflect.Proxy.isProxyClass(Ljava/lang/Class;)Z @ 6
Event: 28.700 Thread 0x0000000018826800 Uncommon trap: reason=unstable_if action=reinterpret pc=0x0000000003b71a74 method=java.util.concurrent.locks.ReentrantLock$Sync.nonfairTryAcquire(I)Z @ 34

Internal exceptions (10 events):
Event: 28.636 Thread 0x0000000018821000 Exception <a 'java/lang/NoSuchMethodError': <clinit>> (0x00000000e5a89688) thrown at [C:\src\android\AOSP-openjdk\external\jetbrains\jdk\hotspot\src\share\vm\prims\jni.cpp, line 1613]
Event: 28.638 Thread 0x0000000018821000 Exception <a 'java/lang/NoSuchMethodError': <clinit>> (0x00000000e5a9d4f8) thrown at [C:\src\android\AOSP-openjdk\external\jetbrains\jdk\hotspot\src\share\vm\prims\jni.cpp, line 1613]
Event: 28.639 Thread 0x0000000018821000 Exception <a 'java/lang/NoSuchMethodError': <clinit>> (0x00000000e5ab2610) thrown at [C:\src\android\AOSP-openjdk\external\jetbrains\jdk\hotspot\src\share\vm\prims\jni.cpp, line 1613]
Event: 28.641 Thread 0x0000000018821000 Exception <a 'java/lang/NoSuchMethodError': <clinit>> (0x00000000e5ac28a0) thrown at [C:\src\android\AOSP-openjdk\external\jetbrains\jdk\hotspot\src\share\vm\prims\jni.cpp, line 1613]
Event: 28.649 Thread 0x0000000018821000 Exception <a 'java/lang/NoSuchMethodError': <clinit>> (0x00000000e5ac9af0) thrown at [C:\src\android\AOSP-openjdk\external\jetbrains\jdk\hotspot\src\share\vm\prims\jni.cpp, line 1613]
Event: 28.694 Thread 0x0000000018826800 Exception <a 'java/lang/NoSuchMethodError': <clinit>> (0x00000000e5af0c70) thrown at [C:\src\android\AOSP-openjdk\external\jetbrains\jdk\hotspot\src\share\vm\prims\jni.cpp, line 1613]
Event: 32.285 Thread 0x000000001add3000 Exception <a 'java/lang/NoSuchMethodError': <clinit>> (0x00000000e5d03470) thrown at [C:\src\android\AOSP-openjdk\external\jetbrains\jdk\hotspot\src\share\vm\prims\jni.cpp, line 1613]
Event: 32.298 Thread 0x000000001add3000 Exception <a 'java/lang/NoSuchMethodError': <clinit>> (0x00000000e5d1c678) thrown at [C:\src\android\AOSP-openjdk\external\jetbrains\jdk\hotspot\src\share\vm\prims\jni.cpp, line 1613]
Event: 32.957 Thread 0x0000000018caa800 Exception <a 'java/lang/ClassNotFoundException': asLocalRepo15275_8jb7jsfhi71e5gunuv144rq7wBeanInfo> (0x00000000e603db18) thrown at [C:\src\android\AOSP-openjdk\external\jetbrains\jdk\hotspot\src\share\vm\classfile\systemDictionary.cpp, line 210]
Event: 32.958 Thread 0x0000000018caa800 Exception <a 'java/lang/ClassNotFoundException': asLocalRepo15275_8jb7jsfhi71e5gunuv144rq7wCustomizer> (0x00000000e6049158) thrown at [C:\src\android\AOSP-openjdk\external\jetbrains\jdk\hotspot\src\share\vm\classfile\systemDictionary.cpp, line 210]

Events (10 events):
Event: 34.471 loading class groovy/runtime/metaclass/asLocalRepo15275_8jb7jsfhi71e5gunuv144rq7w$_run_closure1$_closure2$_closure4$_closure5MetaClass
Event: 34.471 loading class groovy/runtime/metaclass/asLocalRepo15275_8jb7jsfhi71e5gunuv144rq7w$_run_closure1$_closure2$_closure4$_closure5MetaClass done
Event: 34.472 loading class asLocalRepo15275_8jb7jsfhi71e5gunuv144rq7w$_run_closure1$_closure3
Event: 34.472 loading class asLocalRepo15275_8jb7jsfhi71e5gunuv144rq7w$_run_closure1$_closure3 done
Event: 34.475 loading class groovy/runtime/metaclass/asLocalRepo15275_8jb7jsfhi71e5gunuv144rq7w$_run_closure1$_closure3MetaClass
Event: 34.475 loading class groovy/runtime/metaclass/asLocalRepo15275_8jb7jsfhi71e5gunuv144rq7w$_run_closure1$_closure3MetaClass done
Event: 34.477 loading class asLocalRepo15275_8jb7jsfhi71e5gunuv144rq7w$_run_closure1$_closure3$_closure6
Event: 34.477 loading class asLocalRepo15275_8jb7jsfhi71e5gunuv144rq7w$_run_closure1$_closure3$_closure6 done
Event: 34.480 loading class groovy/runtime/metaclass/asLocalRepo15275_8jb7jsfhi71e5gunuv144rq7w$_run_closure1$_closure3$_closure6MetaClass
Event: 34.480 loading class groovy/runtime/metaclass/asLocalRepo15275_8jb7jsfhi71e5gunuv144rq7w$_run_closure1$_closure3$_closure6MetaClass done


Dynamic libraries:
0x00007ff721690000 - 0x00007ff7216c1000 	C:\Program Files\Android\Android Studio\jre\bin\java.exe
0x00007fffa4830000 - 0x00007fffa49dd000 	C:\Windows\SYSTEM32\ntdll.dll
0x00007fffa3cc0000 - 0x00007fffa3dfe000 	C:\Windows\system32\KERNEL32.DLL
0x00007fffa1a20000 - 0x00007fffa1b35000 	C:\Windows\system32\KERNELBASE.dll
0x00007fffa2470000 - 0x00007fffa251a000 	C:\Windows\system32\ADVAPI32.dll
0x00007fffa1f20000 - 0x00007fffa2097000 	C:\Windows\system32\USER32.dll
0x00007fff9fc00000 - 0x00007fff9fe7b000 	C:\Windows\WinSxS\amd64_microsoft.windows.common-controls_6595b64144ccf1df_6.0.9600.18006_none_623f33d3ecbe86e8\COMCTL32.dll
0x00007fffa2340000 - 0x00007fffa23ea000 	C:\Windows\system32\msvcrt.dll
0x00007fffa3ec0000 - 0x00007fffa3f19000 	C:\Windows\SYSTEM32\sechost.dll
0x00007fffa4140000 - 0x00007fffa4280000 	C:\Windows\system32\RPCRT4.dll
0x00007fffa46c0000 - 0x00007fffa480b000 	C:\Windows\system32\GDI32.dll
0x00007fffa1e80000 - 0x00007fffa1eae000 	C:\Windows\system32\SspiCli.dll
0x00007fffa2740000 - 0x00007fffa2776000 	C:\Windows\system32\IMM32.DLL
0x00007fffa3f20000 - 0x00007fffa4072000 	C:\Windows\system32\MSCTF.dll
0x000000006c380000 - 0x000000006c452000 	C:\Program Files\Android\Android Studio\jre\jre\bin\msvcr100.dll
0x000000006c460000 - 0x000000006cc9c000 	C:\Program Files\Android\Android Studio\jre\jre\bin\server\jvm.dll
0x00007fff94bf0000 - 0x00007fff94bf9000 	C:\Windows\SYSTEM32\WSOCK32.dll
0x00007fff99830000 - 0x00007fff99852000 	C:\Windows\SYSTEM32\WINMM.dll
0x00007fff98660000 - 0x00007fff9866a000 	C:\Windows\SYSTEM32\VERSION.dll
0x00007fffa4810000 - 0x00007fffa4817000 	C:\Windows\system32\PSAPI.DLL
0x00007fffa44c0000 - 0x00007fffa451a000 	C:\Windows\system32\WS2_32.dll
0x00007fff99800000 - 0x00007fff9982a000 	C:\Windows\SYSTEM32\WINMMBASE.dll
0x00007fffa20a0000 - 0x00007fffa20a9000 	C:\Windows\system32\NSI.dll
0x00007fffa1e30000 - 0x00007fffa1e7f000 	C:\Windows\SYSTEM32\cfgmgr32.dll
0x00007fffa0780000 - 0x00007fffa07a8000 	C:\Windows\SYSTEM32\DEVOBJ.dll
0x00007fff9ed00000 - 0x00007fff9ed0f000 	C:\Program Files\Android\Android Studio\jre\jre\bin\verify.dll
0x00007fff9a940000 - 0x00007fff9a969000 	C:\Program Files\Android\Android Studio\jre\jre\bin\java.dll
0x00007fff9a8c0000 - 0x00007fff9a8d6000 	C:\Program Files\Android\Android Studio\jre\jre\bin\zip.dll
0x00007fffa2790000 - 0x00007fffa3cb9000 	C:\Windows\system32\SHELL32.dll
0x00007fffa2520000 - 0x00007fffa2732000 	C:\Windows\SYSTEM32\combase.dll
0x00007fffa2410000 - 0x00007fffa2464000 	C:\Windows\system32\SHLWAPI.dll
0x00007fffa0230000 - 0x00007fffa02e2000 	C:\Windows\SYSTEM32\SHCORE.dll
0x00007fffa1950000 - 0x00007fffa1965000 	C:\Windows\SYSTEM32\profapi.dll
0x00007fff99c50000 - 0x00007fff99c6a000 	C:\Program Files\Android\Android Studio\jre\jre\bin\net.dll
0x00007fffa1250000 - 0x00007fffa12a9000 	C:\Windows\system32\mswsock.dll
0x00007fff99b00000 - 0x00007fff99b11000 	C:\Program Files\Android\Android Studio\jre\jre\bin\nio.dll
0x00007fff98ed0000 - 0x00007fff98eee000 	C:\Users\wasl\.gradle\native\23\windows-amd64\native-platform.dll
0x00007fffa12b0000 - 0x00007fffa12d0000 	C:\Windows\SYSTEM32\CRYPTSP.dll
0x00007fffa0e80000 - 0x00007fffa0eb6000 	C:\Windows\system32\rsaenh.dll
0x00007fffa1500000 - 0x00007fffa1526000 	C:\Windows\SYSTEM32\bcrypt.dll
0x00007fffa0f90000 - 0x00007fffa0fb1000 	C:\Windows\SYSTEM32\USERENV.dll
0x00007fffa1820000 - 0x00007fffa1883000 	C:\Windows\system32\bcryptprimitives.dll
0x00007fffa1890000 - 0x00007fffa189b000 	C:\Windows\SYSTEM32\CRYPTBASE.dll
0x00007fff9b940000 - 0x00007fff9b96a000 	C:\Windows\SYSTEM32\IPHLPAPI.DLL
0x00007fff9b920000 - 0x00007fff9b92a000 	C:\Windows\SYSTEM32\WINNSI.DLL
0x00007fff9b410000 - 0x00007fff9b426000 	C:\Windows\SYSTEM32\dhcpcsvc6.DLL
0x00007fff9b5e0000 - 0x00007fff9b5fa000 	C:\Windows\SYSTEM32\dhcpcsvc.DLL
0x00007fff9a980000 - 0x00007fff9a98d000 	C:\Program Files\Android\Android Studio\jre\jre\bin\management.dll

VM Arguments:
jvm_args: -Xmx1536m -Dfile.encoding=windows-1250 -Duser.country=PL -Duser.language=pl -Duser.variant 
java_command: org.gradle.launcher.daemon.bootstrap.GradleDaemon 3.3
java_class_path (initial): C:\Users\wasl\.gradle\wrapper\dists\gradle-3.3-all\55gk2rcmfc6p2dg9u9ohc3hw9\gradle-3.3\lib\gradle-launcher-3.3.jar
Launcher Type: SUN_STANDARD

Environment Variables:
PATH=C:\Program Files\Microsoft MPI\Bin\;C:\ProgramData\Oracle\Java\javapath;C:\Program Files (x86)\Intel\iCLS Client\;C:\Program Files\Intel\iCLS Client\;C:\Windows\system32;C:\Windows;C:\Windows\System32\Wbem;C:\Windows\System32\WindowsPowerShell\v1.0\;C:\Program Files\Intel\Intel(R) Management Engine Components\DAL;C:\Program Files\Intel\Intel(R) Management Engine Components\IPT;C:\Program Files (x86)\Intel\Intel(R) Management Engine Components\DAL;C:\Program Files (x86)\Intel\Intel(R) Management Engine Components\IPT;C:\Program Files\Intel\WiFi\bin\;C:\Program Files\Common Files\Intel\WirelessCommon\;C:\Program Files\nodejs\;C:\xampp\php;C:\ProgramData\ComposerSetup\bin;C:\Program Files (x86)\GNU\GnuPG\pub;C:\Windows\idmu\common;C:\Program Files\Microsoft SQL Server\130\Tools\Binn\;C:\Program Files\dotnet\;C:\Program Files (x86)\Microsoft SQL Server\130\Tools\Binn\;C:\Program Files (x86)\Microsoft SQL Server\130\DTS\Binn\;C:\Program Files\Microsoft SQL Server\130\DTS\Binn\;C:\Program Files\Microsoft SQL Server\Client SDK\ODBC\130\Tools\Binn\;C:\Program Files (x86)\Microsoft SQL Server\Client SDK\ODBC\130\Tools\Binn\;C:\Program Files (x86)\Microsoft SQL Server\140\Tools\Binn\;C:\Program Files (x86)\Microsoft SQL Server\140\DTS\Binn\;C:\Program Files (x86)\Microsoft SQL Server\140\Tools\Binn\ManagementStudio\;C:\Users\wasl\AppData\Local\Continuum\Anaconda2;C:\Users\wasl\AppData\Local\Continuum\Anaconda2\Scripts;C:\Users\wasl\AppData\Local\Continuum\Anaconda2\Library\bin;C:\Users\wasl\AppData\Roaming\npm;C:\Users\wasl\AppData\Local\Programs\Git\cmd;C:\Users\wasl\AppData\Local\Programs\Git\mingw64\bin;C:\Users\wasl\AppData\Local\Programs\Git\usr\bin;C:\xampp\php;C:\Users\wasl\AppData\Local\ComposerSetup\bin;C:\Users\wasl\AppData\Roaming\Composer\vendor\bin
USERNAME=CFYL
OS=Windows_NT
PROCESSOR_IDENTIFIER=Intel64 Family 6 Model 69 Stepping 1, GenuineIntel



---------------  S Y S T E M  ---------------

OS: Windows 8.1 , 64 bit Build 9600 (6.3.9600.17415)

CPU:total 4 (2 cores per cpu, 2 threads per core) family 6 model 69 stepping 1, cmov, cx8, fxsr, mmx, sse, sse2, sse3, ssse3, sse4.1, sse4.2, popcnt, avx, avx2, aes, clmul, erms, lzcnt, ht, tsc, tscinvbit, bmi1, bmi2

Memory: 4k page, physical 8295744k(934460k free), swap 14797656k(5160k free)

vm_info: OpenJDK 64-Bit Server VM (25.112-b06) for windows-amd64 JRE (1.8.0_112-release-b06), built on Dec  8 2016 00:54:26 by "builder" with MS VC++ 10.0 (VS2010)

time: Fri Sep 08 12:39:28 2017
elapsed time: 35 seconds (0d 0h 0m 35s)

